<?xml version="1.0" encoding="UTF-8"?>
<!-- Generated by org.testng.reporters.JUnitReportReporter -->
<testsuite hostname="LAPTOP-PMID5NG1" failures="0" tests="1" name="apiTestFeb.day1" time="1.634" errors="0" timestamp="2024-02-04T16:05:47 IST" skipped="0">
  <testcase classname="apiTestFeb.day1" name="test_feb4" time="1.634"/>
  <system-out/>
</testsuite> <!-- apiTestFeb.day1 -->
